2025-05-05T19:40:11,681 [INFO ] W-9004-drawn_humanoid_pose_estimator_1.0-stdout MODEL_LOG - Listening on addr:port: 127.0.0.1:9004
2025-05-05T19:40:11,686 [INFO ] W-9004-drawn_humanoid_pose_estimator_1.0-stdout MODEL_LOG - Successfully loaded /Users/bohan/miniconda3/envs/animated_drawings/lib/python3.8/site-packages/ts/configs/metrics.yaml.
2025-05-05T19:40:11,686 [INFO ] W-9004-drawn_humanoid_pose_estimator_1.0-stdout MODEL_LOG - [PID]34999
2025-05-05T19:40:11,686 [INFO ] W-9004-drawn_humanoid_pose_estimator_1.0-stdout MODEL_LOG - Torch worker started.
2025-05-05T19:40:11,686 [INFO ] W-9004-drawn_humanoid_pose_estimator_1.0-stdout MODEL_LOG - Python runtime: 3.8.13
2025-05-05T19:40:11,759 [INFO ] W-9004-drawn_humanoid_pose_estimator_1.0-stdout MODEL_LOG - Connection accepted: ('127.0.0.1', 9004).
2025-05-05T19:40:11,781 [INFO ] W-9004-drawn_humanoid_pose_estimator_1.0-stdout MODEL_LOG - model_name: drawn_humanoid_pose_estimator, batchSize: 1
2025-05-05T19:40:11,891 [INFO ] W-9005-drawn_humanoid_pose_estimator_1.0-stdout MODEL_LOG - Listening on addr:port: 127.0.0.1:9005
2025-05-05T19:40:11,895 [INFO ] W-9005-drawn_humanoid_pose_estimator_1.0-stdout MODEL_LOG - Successfully loaded /Users/bohan/miniconda3/envs/animated_drawings/lib/python3.8/site-packages/ts/configs/metrics.yaml.
2025-05-05T19:40:11,895 [INFO ] W-9005-drawn_humanoid_pose_estimator_1.0-stdout MODEL_LOG - [PID]35001
2025-05-05T19:40:11,895 [INFO ] W-9005-drawn_humanoid_pose_estimator_1.0-stdout MODEL_LOG - Torch worker started.
2025-05-05T19:40:11,896 [INFO ] W-9005-drawn_humanoid_pose_estimator_1.0-stdout MODEL_LOG - Python runtime: 3.8.13
2025-05-05T19:40:11,897 [INFO ] W-9005-drawn_humanoid_pose_estimator_1.0-stdout MODEL_LOG - Connection accepted: ('127.0.0.1', 9005).
2025-05-05T19:40:11,903 [INFO ] W-9005-drawn_humanoid_pose_estimator_1.0-stdout MODEL_LOG - model_name: drawn_humanoid_pose_estimator, batchSize: 1
2025-05-05T19:40:11,903 [INFO ] W-9003-drawn_humanoid_pose_estimator_1.0-stdout MODEL_LOG - Listening on addr:port: 127.0.0.1:9003
2025-05-05T19:40:11,908 [INFO ] W-9003-drawn_humanoid_pose_estimator_1.0-stdout MODEL_LOG - Successfully loaded /Users/bohan/miniconda3/envs/animated_drawings/lib/python3.8/site-packages/ts/configs/metrics.yaml.
2025-05-05T19:40:11,908 [INFO ] W-9003-drawn_humanoid_pose_estimator_1.0-stdout MODEL_LOG - [PID]35000
2025-05-05T19:40:11,908 [INFO ] W-9003-drawn_humanoid_pose_estimator_1.0-stdout MODEL_LOG - Torch worker started.
2025-05-05T19:40:11,908 [INFO ] W-9003-drawn_humanoid_pose_estimator_1.0-stdout MODEL_LOG - Python runtime: 3.8.13
2025-05-05T19:40:11,910 [INFO ] W-9003-drawn_humanoid_pose_estimator_1.0-stdout MODEL_LOG - Connection accepted: ('127.0.0.1', 9003).
2025-05-05T19:40:11,916 [INFO ] W-9003-drawn_humanoid_pose_estimator_1.0-stdout MODEL_LOG - model_name: drawn_humanoid_pose_estimator, batchSize: 1
2025-05-05T19:40:11,916 [INFO ] W-9001-drawn_humanoid_pose_estimator_1.0-stdout MODEL_LOG - Listening on addr:port: 127.0.0.1:9001
2025-05-05T19:40:11,920 [INFO ] W-9002-drawn_humanoid_pose_estimator_1.0-stdout MODEL_LOG - Listening on addr:port: 127.0.0.1:9002
2025-05-05T19:40:11,921 [INFO ] W-9006-drawn_humanoid_pose_estimator_1.0-stdout MODEL_LOG - Listening on addr:port: 127.0.0.1:9006
2025-05-05T19:40:11,922 [INFO ] W-9001-drawn_humanoid_pose_estimator_1.0-stdout MODEL_LOG - Successfully loaded /Users/bohan/miniconda3/envs/animated_drawings/lib/python3.8/site-packages/ts/configs/metrics.yaml.
2025-05-05T19:40:11,922 [INFO ] W-9001-drawn_humanoid_pose_estimator_1.0-stdout MODEL_LOG - [PID]35005
2025-05-05T19:40:11,922 [INFO ] W-9001-drawn_humanoid_pose_estimator_1.0-stdout MODEL_LOG - Torch worker started.
2025-05-05T19:40:11,922 [INFO ] W-9001-drawn_humanoid_pose_estimator_1.0-stdout MODEL_LOG - Python runtime: 3.8.13
2025-05-05T19:40:11,924 [INFO ] W-9001-drawn_humanoid_pose_estimator_1.0-stdout MODEL_LOG - Connection accepted: ('127.0.0.1', 9001).
2025-05-05T19:40:11,924 [INFO ] W-9002-drawn_humanoid_pose_estimator_1.0-stdout MODEL_LOG - Successfully loaded /Users/bohan/miniconda3/envs/animated_drawings/lib/python3.8/site-packages/ts/configs/metrics.yaml.
2025-05-05T19:40:11,924 [INFO ] W-9002-drawn_humanoid_pose_estimator_1.0-stdout MODEL_LOG - [PID]35003
2025-05-05T19:40:11,924 [INFO ] W-9002-drawn_humanoid_pose_estimator_1.0-stdout MODEL_LOG - Torch worker started.
2025-05-05T19:40:11,924 [INFO ] W-9002-drawn_humanoid_pose_estimator_1.0-stdout MODEL_LOG - Python runtime: 3.8.13
2025-05-05T19:40:11,927 [INFO ] W-9006-drawn_humanoid_pose_estimator_1.0-stdout MODEL_LOG - Successfully loaded /Users/bohan/miniconda3/envs/animated_drawings/lib/python3.8/site-packages/ts/configs/metrics.yaml.
2025-05-05T19:40:11,927 [INFO ] W-9002-drawn_humanoid_pose_estimator_1.0-stdout MODEL_LOG - Connection accepted: ('127.0.0.1', 9002).
2025-05-05T19:40:11,927 [INFO ] W-9006-drawn_humanoid_pose_estimator_1.0-stdout MODEL_LOG - [PID]35002
2025-05-05T19:40:11,928 [INFO ] W-9006-drawn_humanoid_pose_estimator_1.0-stdout MODEL_LOG - Torch worker started.
2025-05-05T19:40:11,928 [INFO ] W-9006-drawn_humanoid_pose_estimator_1.0-stdout MODEL_LOG - Python runtime: 3.8.13
2025-05-05T19:40:11,929 [INFO ] W-9001-drawn_humanoid_pose_estimator_1.0-stdout MODEL_LOG - model_name: drawn_humanoid_pose_estimator, batchSize: 1
2025-05-05T19:40:11,930 [INFO ] W-9006-drawn_humanoid_pose_estimator_1.0-stdout MODEL_LOG - Connection accepted: ('127.0.0.1', 9006).
2025-05-05T19:40:11,937 [INFO ] W-9002-drawn_humanoid_pose_estimator_1.0-stdout MODEL_LOG - model_name: drawn_humanoid_pose_estimator, batchSize: 1
2025-05-05T19:40:11,945 [INFO ] W-9006-drawn_humanoid_pose_estimator_1.0-stdout MODEL_LOG - model_name: drawn_humanoid_pose_estimator, batchSize: 1
2025-05-05T19:40:11,972 [INFO ] W-9007-drawn_humanoid_pose_estimator_1.0-stdout MODEL_LOG - Listening on addr:port: 127.0.0.1:9007
2025-05-05T19:40:11,978 [INFO ] W-9007-drawn_humanoid_pose_estimator_1.0-stdout MODEL_LOG - Successfully loaded /Users/bohan/miniconda3/envs/animated_drawings/lib/python3.8/site-packages/ts/configs/metrics.yaml.
2025-05-05T19:40:11,978 [INFO ] W-9007-drawn_humanoid_pose_estimator_1.0-stdout MODEL_LOG - [PID]35004
2025-05-05T19:40:11,979 [INFO ] W-9007-drawn_humanoid_pose_estimator_1.0-stdout MODEL_LOG - Torch worker started.
2025-05-05T19:40:11,979 [INFO ] W-9007-drawn_humanoid_pose_estimator_1.0-stdout MODEL_LOG - Python runtime: 3.8.13
2025-05-05T19:40:11,980 [INFO ] W-9007-drawn_humanoid_pose_estimator_1.0-stdout MODEL_LOG - Connection accepted: ('127.0.0.1', 9007).
2025-05-05T19:40:11,985 [INFO ] W-9007-drawn_humanoid_pose_estimator_1.0-stdout MODEL_LOG - model_name: drawn_humanoid_pose_estimator, batchSize: 1
2025-05-05T19:40:12,007 [INFO ] W-9000-drawn_humanoid_pose_estimator_1.0-stdout MODEL_LOG - Listening on addr:port: 127.0.0.1:9000
2025-05-05T19:40:12,014 [INFO ] W-9000-drawn_humanoid_pose_estimator_1.0-stdout MODEL_LOG - Successfully loaded /Users/bohan/miniconda3/envs/animated_drawings/lib/python3.8/site-packages/ts/configs/metrics.yaml.
2025-05-05T19:40:12,015 [INFO ] W-9000-drawn_humanoid_pose_estimator_1.0-stdout MODEL_LOG - [PID]35006
2025-05-05T19:40:12,015 [INFO ] W-9000-drawn_humanoid_pose_estimator_1.0-stdout MODEL_LOG - Torch worker started.
2025-05-05T19:40:12,015 [INFO ] W-9000-drawn_humanoid_pose_estimator_1.0-stdout MODEL_LOG - Python runtime: 3.8.13
2025-05-05T19:40:12,016 [INFO ] W-9000-drawn_humanoid_pose_estimator_1.0-stdout MODEL_LOG - Connection accepted: ('127.0.0.1', 9000).
2025-05-05T19:40:12,024 [INFO ] W-9000-drawn_humanoid_pose_estimator_1.0-stdout MODEL_LOG - model_name: drawn_humanoid_pose_estimator, batchSize: 1
2025-05-05T19:40:15,135 [INFO ] W-9005-drawn_humanoid_pose_estimator_1.0-stdout MODEL_LOG - Your torch version is 1.13.0 which does not support torch.compile
2025-05-05T19:40:15,136 [INFO ] W-9005-drawn_humanoid_pose_estimator_1.0-stdout MODEL_LOG - OpenVINO is not enabled
2025-05-05T19:40:15,136 [INFO ] W-9005-drawn_humanoid_pose_estimator_1.0-stdout MODEL_LOG - proceeding without onnxruntime
2025-05-05T19:40:15,136 [INFO ] W-9004-drawn_humanoid_pose_estimator_1.0-stdout MODEL_LOG - Your torch version is 1.13.0 which does not support torch.compile
2025-05-05T19:40:15,136 [INFO ] W-9000-drawn_humanoid_pose_estimator_1.0-stdout MODEL_LOG - Your torch version is 1.13.0 which does not support torch.compile
2025-05-05T19:40:15,137 [INFO ] W-9000-drawn_humanoid_pose_estimator_1.0-stdout MODEL_LOG - OpenVINO is not enabled
2025-05-05T19:40:15,137 [INFO ] W-9000-drawn_humanoid_pose_estimator_1.0-stdout MODEL_LOG - proceeding without onnxruntime
2025-05-05T19:40:15,137 [INFO ] W-9000-drawn_humanoid_pose_estimator_1.0-stdout MODEL_LOG - Torch TensorRT not enabled
2025-05-05T19:40:15,137 [INFO ] W-9005-drawn_humanoid_pose_estimator_1.0-stdout MODEL_LOG - Torch TensorRT not enabled
2025-05-05T19:40:15,137 [INFO ] W-9002-drawn_humanoid_pose_estimator_1.0-stdout MODEL_LOG - Your torch version is 1.13.0 which does not support torch.compile
2025-05-05T19:40:15,138 [INFO ] W-9002-drawn_humanoid_pose_estimator_1.0-stdout MODEL_LOG - OpenVINO is not enabled
2025-05-05T19:40:15,138 [INFO ] W-9002-drawn_humanoid_pose_estimator_1.0-stdout MODEL_LOG - proceeding without onnxruntime
2025-05-05T19:40:15,138 [INFO ] W-9004-drawn_humanoid_pose_estimator_1.0-stdout MODEL_LOG - OpenVINO is not enabled
2025-05-05T19:40:15,138 [INFO ] W-9002-drawn_humanoid_pose_estimator_1.0-stdout MODEL_LOG - Torch TensorRT not enabled
2025-05-05T19:40:15,139 [INFO ] W-9004-drawn_humanoid_pose_estimator_1.0-stdout MODEL_LOG - proceeding without onnxruntime
2025-05-05T19:40:15,139 [INFO ] W-9004-drawn_humanoid_pose_estimator_1.0-stdout MODEL_LOG - Torch TensorRT not enabled
2025-05-05T19:40:15,140 [INFO ] W-9007-drawn_humanoid_pose_estimator_1.0-stdout MODEL_LOG - Your torch version is 1.13.0 which does not support torch.compile
2025-05-05T19:40:15,141 [INFO ] W-9007-drawn_humanoid_pose_estimator_1.0-stdout MODEL_LOG - OpenVINO is not enabled
2025-05-05T19:40:15,141 [INFO ] W-9007-drawn_humanoid_pose_estimator_1.0-stdout MODEL_LOG - proceeding without onnxruntime
2025-05-05T19:40:15,141 [INFO ] W-9007-drawn_humanoid_pose_estimator_1.0-stdout MODEL_LOG - Torch TensorRT not enabled
2025-05-05T19:40:15,142 [INFO ] W-9006-drawn_humanoid_pose_estimator_1.0-stdout MODEL_LOG - Your torch version is 1.13.0 which does not support torch.compile
2025-05-05T19:40:15,142 [INFO ] W-9006-drawn_humanoid_pose_estimator_1.0-stdout MODEL_LOG - OpenVINO is not enabled
2025-05-05T19:40:15,142 [INFO ] W-9006-drawn_humanoid_pose_estimator_1.0-stdout MODEL_LOG - proceeding without onnxruntime
2025-05-05T19:40:15,142 [INFO ] W-9006-drawn_humanoid_pose_estimator_1.0-stdout MODEL_LOG - Torch TensorRT not enabled
2025-05-05T19:40:15,143 [INFO ] W-9003-drawn_humanoid_pose_estimator_1.0-stdout MODEL_LOG - Your torch version is 1.13.0 which does not support torch.compile
2025-05-05T19:40:15,144 [INFO ] W-9003-drawn_humanoid_pose_estimator_1.0-stdout MODEL_LOG - OpenVINO is not enabled
2025-05-05T19:40:15,144 [INFO ] W-9003-drawn_humanoid_pose_estimator_1.0-stdout MODEL_LOG - proceeding without onnxruntime
2025-05-05T19:40:15,144 [INFO ] W-9001-drawn_humanoid_pose_estimator_1.0-stdout MODEL_LOG - Your torch version is 1.13.0 which does not support torch.compile
2025-05-05T19:40:15,148 [INFO ] W-9001-drawn_humanoid_pose_estimator_1.0-stdout MODEL_LOG - OpenVINO is not enabled
2025-05-05T19:40:15,145 [INFO ] W-9003-drawn_humanoid_pose_estimator_1.0-stdout MODEL_LOG - Torch TensorRT not enabled
2025-05-05T19:40:15,149 [INFO ] W-9001-drawn_humanoid_pose_estimator_1.0-stdout MODEL_LOG - proceeding without onnxruntime
2025-05-05T19:40:15,149 [INFO ] W-9001-drawn_humanoid_pose_estimator_1.0-stdout MODEL_LOG - Torch TensorRT not enabled
2025-05-05T19:40:17,845 [INFO ] W-9009-drawn_humanoid_detector_1.0-stdout MODEL_LOG - Listening on addr:port: 127.0.0.1:9009
2025-05-05T19:40:17,848 [INFO ] W-9009-drawn_humanoid_detector_1.0-stdout MODEL_LOG - Successfully loaded /Users/bohan/miniconda3/envs/animated_drawings/lib/python3.8/site-packages/ts/configs/metrics.yaml.
2025-05-05T19:40:17,849 [INFO ] W-9009-drawn_humanoid_detector_1.0-stdout MODEL_LOG - [PID]35077
2025-05-05T19:40:17,849 [INFO ] W-9009-drawn_humanoid_detector_1.0-stdout MODEL_LOG - Torch worker started.
2025-05-05T19:40:17,849 [INFO ] W-9009-drawn_humanoid_detector_1.0-stdout MODEL_LOG - Python runtime: 3.8.13
2025-05-05T19:40:17,851 [INFO ] W-9009-drawn_humanoid_detector_1.0-stdout MODEL_LOG - Connection accepted: ('127.0.0.1', 9009).
2025-05-05T19:40:17,856 [INFO ] W-9009-drawn_humanoid_detector_1.0-stdout MODEL_LOG - model_name: drawn_humanoid_detector, batchSize: 1
2025-05-05T19:40:17,858 [INFO ] W-9011-drawn_humanoid_detector_1.0-stdout MODEL_LOG - Listening on addr:port: 127.0.0.1:9011
2025-05-05T19:40:17,870 [INFO ] W-9011-drawn_humanoid_detector_1.0-stdout MODEL_LOG - Successfully loaded /Users/bohan/miniconda3/envs/animated_drawings/lib/python3.8/site-packages/ts/configs/metrics.yaml.
2025-05-05T19:40:17,871 [INFO ] W-9011-drawn_humanoid_detector_1.0-stdout MODEL_LOG - [PID]35079
2025-05-05T19:40:17,871 [INFO ] W-9011-drawn_humanoid_detector_1.0-stdout MODEL_LOG - Torch worker started.
2025-05-05T19:40:17,871 [INFO ] W-9011-drawn_humanoid_detector_1.0-stdout MODEL_LOG - Python runtime: 3.8.13
2025-05-05T19:40:17,875 [INFO ] W-9011-drawn_humanoid_detector_1.0-stdout MODEL_LOG - Connection accepted: ('127.0.0.1', 9011).
2025-05-05T19:40:17,884 [INFO ] W-9011-drawn_humanoid_detector_1.0-stdout MODEL_LOG - model_name: drawn_humanoid_detector, batchSize: 1
2025-05-05T19:40:17,894 [INFO ] W-9013-drawn_humanoid_detector_1.0-stdout MODEL_LOG - Listening on addr:port: 127.0.0.1:9013
2025-05-05T19:40:17,903 [INFO ] W-9008-drawn_humanoid_detector_1.0-stdout MODEL_LOG - Listening on addr:port: 127.0.0.1:9008
2025-05-05T19:40:17,903 [INFO ] W-9013-drawn_humanoid_detector_1.0-stdout MODEL_LOG - Successfully loaded /Users/bohan/miniconda3/envs/animated_drawings/lib/python3.8/site-packages/ts/configs/metrics.yaml.
2025-05-05T19:40:17,904 [INFO ] W-9013-drawn_humanoid_detector_1.0-stdout MODEL_LOG - [PID]35082
2025-05-05T19:40:17,904 [INFO ] W-9013-drawn_humanoid_detector_1.0-stdout MODEL_LOG - Torch worker started.
2025-05-05T19:40:17,906 [INFO ] W-9013-drawn_humanoid_detector_1.0-stdout MODEL_LOG - Python runtime: 3.8.13
2025-05-05T19:40:17,906 [INFO ] W-9008-drawn_humanoid_detector_1.0-stdout MODEL_LOG - Successfully loaded /Users/bohan/miniconda3/envs/animated_drawings/lib/python3.8/site-packages/ts/configs/metrics.yaml.
2025-05-05T19:40:17,906 [INFO ] W-9008-drawn_humanoid_detector_1.0-stdout MODEL_LOG - [PID]35076
2025-05-05T19:40:17,907 [INFO ] W-9008-drawn_humanoid_detector_1.0-stdout MODEL_LOG - Torch worker started.
2025-05-05T19:40:17,907 [INFO ] W-9008-drawn_humanoid_detector_1.0-stdout MODEL_LOG - Python runtime: 3.8.13
2025-05-05T19:40:17,909 [INFO ] W-9013-drawn_humanoid_detector_1.0-stdout MODEL_LOG - Connection accepted: ('127.0.0.1', 9013).
2025-05-05T19:40:17,912 [INFO ] W-9010-drawn_humanoid_detector_1.0-stdout MODEL_LOG - Listening on addr:port: 127.0.0.1:9010
2025-05-05T19:40:17,913 [INFO ] W-9008-drawn_humanoid_detector_1.0-stdout MODEL_LOG - Connection accepted: ('127.0.0.1', 9008).
2025-05-05T19:40:17,917 [INFO ] W-9013-drawn_humanoid_detector_1.0-stdout MODEL_LOG - model_name: drawn_humanoid_detector, batchSize: 1
2025-05-05T19:40:17,919 [INFO ] W-9008-drawn_humanoid_detector_1.0-stdout MODEL_LOG - model_name: drawn_humanoid_detector, batchSize: 1
2025-05-05T19:40:17,919 [INFO ] W-9010-drawn_humanoid_detector_1.0-stdout MODEL_LOG - Successfully loaded /Users/bohan/miniconda3/envs/animated_drawings/lib/python3.8/site-packages/ts/configs/metrics.yaml.
2025-05-05T19:40:17,920 [INFO ] W-9010-drawn_humanoid_detector_1.0-stdout MODEL_LOG - [PID]35078
2025-05-05T19:40:17,920 [INFO ] W-9010-drawn_humanoid_detector_1.0-stdout MODEL_LOG - Torch worker started.
2025-05-05T19:40:17,920 [INFO ] W-9010-drawn_humanoid_detector_1.0-stdout MODEL_LOG - Python runtime: 3.8.13
2025-05-05T19:40:17,923 [INFO ] W-9010-drawn_humanoid_detector_1.0-stdout MODEL_LOG - Connection accepted: ('127.0.0.1', 9010).
2025-05-05T19:40:17,928 [INFO ] W-9010-drawn_humanoid_detector_1.0-stdout MODEL_LOG - model_name: drawn_humanoid_detector, batchSize: 1
2025-05-05T19:40:17,936 [INFO ] W-9014-drawn_humanoid_detector_1.0-stdout MODEL_LOG - Listening on addr:port: 127.0.0.1:9014
2025-05-05T19:40:17,941 [INFO ] W-9014-drawn_humanoid_detector_1.0-stdout MODEL_LOG - Successfully loaded /Users/bohan/miniconda3/envs/animated_drawings/lib/python3.8/site-packages/ts/configs/metrics.yaml.
2025-05-05T19:40:17,941 [INFO ] W-9014-drawn_humanoid_detector_1.0-stdout MODEL_LOG - [PID]35081
2025-05-05T19:40:17,941 [INFO ] W-9014-drawn_humanoid_detector_1.0-stdout MODEL_LOG - Torch worker started.
2025-05-05T19:40:17,942 [INFO ] W-9014-drawn_humanoid_detector_1.0-stdout MODEL_LOG - Python runtime: 3.8.13
2025-05-05T19:40:17,946 [INFO ] W-9014-drawn_humanoid_detector_1.0-stdout MODEL_LOG - Connection accepted: ('127.0.0.1', 9014).
2025-05-05T19:40:17,946 [INFO ] W-9012-drawn_humanoid_detector_1.0-stdout MODEL_LOG - Listening on addr:port: 127.0.0.1:9012
2025-05-05T19:40:17,949 [INFO ] W-9015-drawn_humanoid_detector_1.0-stdout MODEL_LOG - Listening on addr:port: 127.0.0.1:9015
2025-05-05T19:40:17,953 [INFO ] W-9012-drawn_humanoid_detector_1.0-stdout MODEL_LOG - Successfully loaded /Users/bohan/miniconda3/envs/animated_drawings/lib/python3.8/site-packages/ts/configs/metrics.yaml.
2025-05-05T19:40:17,953 [INFO ] W-9015-drawn_humanoid_detector_1.0-stdout MODEL_LOG - Successfully loaded /Users/bohan/miniconda3/envs/animated_drawings/lib/python3.8/site-packages/ts/configs/metrics.yaml.
2025-05-05T19:40:17,953 [INFO ] W-9012-drawn_humanoid_detector_1.0-stdout MODEL_LOG - [PID]35080
2025-05-05T19:40:17,953 [INFO ] W-9012-drawn_humanoid_detector_1.0-stdout MODEL_LOG - Torch worker started.
2025-05-05T19:40:17,953 [INFO ] W-9012-drawn_humanoid_detector_1.0-stdout MODEL_LOG - Python runtime: 3.8.13
2025-05-05T19:40:17,954 [INFO ] W-9015-drawn_humanoid_detector_1.0-stdout MODEL_LOG - [PID]35083
2025-05-05T19:40:17,954 [INFO ] W-9015-drawn_humanoid_detector_1.0-stdout MODEL_LOG - Torch worker started.
2025-05-05T19:40:17,954 [INFO ] W-9015-drawn_humanoid_detector_1.0-stdout MODEL_LOG - Python runtime: 3.8.13
2025-05-05T19:40:17,955 [INFO ] W-9014-drawn_humanoid_detector_1.0-stdout MODEL_LOG - model_name: drawn_humanoid_detector, batchSize: 1
2025-05-05T19:40:17,962 [INFO ] W-9015-drawn_humanoid_detector_1.0-stdout MODEL_LOG - Connection accepted: ('127.0.0.1', 9015).
2025-05-05T19:40:17,962 [INFO ] W-9012-drawn_humanoid_detector_1.0-stdout MODEL_LOG - Connection accepted: ('127.0.0.1', 9012).
2025-05-05T19:40:17,971 [INFO ] W-9012-drawn_humanoid_detector_1.0-stdout MODEL_LOG - model_name: drawn_humanoid_detector, batchSize: 1
2025-05-05T19:40:17,976 [INFO ] W-9015-drawn_humanoid_detector_1.0-stdout MODEL_LOG - model_name: drawn_humanoid_detector, batchSize: 1
2025-05-05T19:40:18,337 [INFO ] W-9009-drawn_humanoid_detector_1.0-stdout MODEL_LOG - Your torch version is 1.13.0 which does not support torch.compile
2025-05-05T19:40:18,337 [INFO ] W-9009-drawn_humanoid_detector_1.0-stdout MODEL_LOG - OpenVINO is not enabled
2025-05-05T19:40:18,337 [INFO ] W-9009-drawn_humanoid_detector_1.0-stdout MODEL_LOG - proceeding without onnxruntime
2025-05-05T19:40:18,337 [INFO ] W-9011-drawn_humanoid_detector_1.0-stdout MODEL_LOG - Your torch version is 1.13.0 which does not support torch.compile
2025-05-05T19:40:18,337 [INFO ] W-9009-drawn_humanoid_detector_1.0-stdout MODEL_LOG - Torch TensorRT not enabled
2025-05-05T19:40:18,337 [INFO ] W-9011-drawn_humanoid_detector_1.0-stdout MODEL_LOG - OpenVINO is not enabled
2025-05-05T19:40:18,337 [INFO ] W-9011-drawn_humanoid_detector_1.0-stdout MODEL_LOG - proceeding without onnxruntime
2025-05-05T19:40:18,338 [INFO ] W-9011-drawn_humanoid_detector_1.0-stdout MODEL_LOG - Torch TensorRT not enabled
2025-05-05T19:40:18,377 [INFO ] W-9008-drawn_humanoid_detector_1.0-stdout MODEL_LOG - Your torch version is 1.13.0 which does not support torch.compile
2025-05-05T19:40:18,377 [INFO ] W-9008-drawn_humanoid_detector_1.0-stdout MODEL_LOG - OpenVINO is not enabled
2025-05-05T19:40:18,377 [INFO ] W-9008-drawn_humanoid_detector_1.0-stdout MODEL_LOG - proceeding without onnxruntime
2025-05-05T19:40:18,377 [INFO ] W-9008-drawn_humanoid_detector_1.0-stdout MODEL_LOG - Torch TensorRT not enabled
2025-05-05T19:40:18,395 [INFO ] W-9013-drawn_humanoid_detector_1.0-stdout MODEL_LOG - Your torch version is 1.13.0 which does not support torch.compile
2025-05-05T19:40:18,395 [INFO ] W-9013-drawn_humanoid_detector_1.0-stdout MODEL_LOG - OpenVINO is not enabled
2025-05-05T19:40:18,395 [INFO ] W-9013-drawn_humanoid_detector_1.0-stdout MODEL_LOG - proceeding without onnxruntime
2025-05-05T19:40:18,395 [INFO ] W-9013-drawn_humanoid_detector_1.0-stdout MODEL_LOG - Torch TensorRT not enabled
2025-05-05T19:40:18,406 [INFO ] W-9010-drawn_humanoid_detector_1.0-stdout MODEL_LOG - Your torch version is 1.13.0 which does not support torch.compile
2025-05-05T19:40:18,406 [INFO ] W-9010-drawn_humanoid_detector_1.0-stdout MODEL_LOG - OpenVINO is not enabled
2025-05-05T19:40:18,407 [INFO ] W-9010-drawn_humanoid_detector_1.0-stdout MODEL_LOG - proceeding without onnxruntime
2025-05-05T19:40:18,407 [INFO ] W-9010-drawn_humanoid_detector_1.0-stdout MODEL_LOG - Torch TensorRT not enabled
2025-05-05T19:40:18,410 [INFO ] W-9014-drawn_humanoid_detector_1.0-stdout MODEL_LOG - Your torch version is 1.13.0 which does not support torch.compile
2025-05-05T19:40:18,411 [INFO ] W-9014-drawn_humanoid_detector_1.0-stdout MODEL_LOG - OpenVINO is not enabled
2025-05-05T19:40:18,411 [INFO ] W-9014-drawn_humanoid_detector_1.0-stdout MODEL_LOG - proceeding without onnxruntime
2025-05-05T19:40:18,411 [INFO ] W-9014-drawn_humanoid_detector_1.0-stdout MODEL_LOG - Torch TensorRT not enabled
2025-05-05T19:40:18,434 [INFO ] W-9012-drawn_humanoid_detector_1.0-stdout MODEL_LOG - Your torch version is 1.13.0 which does not support torch.compile
2025-05-05T19:40:18,434 [INFO ] W-9012-drawn_humanoid_detector_1.0-stdout MODEL_LOG - OpenVINO is not enabled
2025-05-05T19:40:18,434 [INFO ] W-9012-drawn_humanoid_detector_1.0-stdout MODEL_LOG - proceeding without onnxruntime
2025-05-05T19:40:18,434 [INFO ] W-9012-drawn_humanoid_detector_1.0-stdout MODEL_LOG - Torch TensorRT not enabled
2025-05-05T19:40:18,483 [INFO ] W-9015-drawn_humanoid_detector_1.0-stdout MODEL_LOG - Your torch version is 1.13.0 which does not support torch.compile
2025-05-05T19:40:18,483 [INFO ] W-9015-drawn_humanoid_detector_1.0-stdout MODEL_LOG - OpenVINO is not enabled
2025-05-05T19:40:18,484 [INFO ] W-9015-drawn_humanoid_detector_1.0-stdout MODEL_LOG - proceeding without onnxruntime
2025-05-05T19:40:18,484 [INFO ] W-9015-drawn_humanoid_detector_1.0-stdout MODEL_LOG - Torch TensorRT not enabled
2025-05-05T19:43:40,718 [INFO ] W-9015-drawn_humanoid_detector_1.0-stdout MODEL_LOG - load checkpoint from local path: /var/folders/m_/lpp0z32x0qv6tbr9q6sbyglm0000gn/T/models/637eace9cddf4a078cc47a07d569f573/latest.pth
2025-05-05T19:43:40,719 [INFO ] W-9015-drawn_humanoid_detector_1.0-stdout MODEL_LOG - Backend received inference at: 1746445420
2025-05-05T19:43:41,924 [INFO ] W-9001-drawn_humanoid_pose_estimator_1.0-stdout MODEL_LOG - load checkpoint from local path: /var/folders/m_/lpp0z32x0qv6tbr9q6sbyglm0000gn/T/models/56e9d42ae5cb400e800c88aba28df445/best_AP_epoch_72.pth
2025-05-05T19:43:41,924 [INFO ] W-9001-drawn_humanoid_pose_estimator_1.0-stdout MODEL_LOG - Backend received inference at: 1746445421
2025-05-05T19:44:27,631 [INFO ] W-9013-drawn_humanoid_detector_1.0-stdout MODEL_LOG - load checkpoint from local path: /var/folders/m_/lpp0z32x0qv6tbr9q6sbyglm0000gn/T/models/637eace9cddf4a078cc47a07d569f573/latest.pth
2025-05-05T19:44:27,631 [INFO ] W-9013-drawn_humanoid_detector_1.0-stdout MODEL_LOG - Backend received inference at: 1746445467
2025-05-05T19:44:29,061 [INFO ] W-9000-drawn_humanoid_pose_estimator_1.0-stdout MODEL_LOG - load checkpoint from local path: /var/folders/m_/lpp0z32x0qv6tbr9q6sbyglm0000gn/T/models/56e9d42ae5cb400e800c88aba28df445/best_AP_epoch_72.pth
2025-05-05T19:44:29,061 [INFO ] W-9000-drawn_humanoid_pose_estimator_1.0-stdout MODEL_LOG - Backend received inference at: 1746445469
2025-05-05T19:45:30,308 [INFO ] W-9009-drawn_humanoid_detector_1.0-stdout MODEL_LOG - load checkpoint from local path: /var/folders/m_/lpp0z32x0qv6tbr9q6sbyglm0000gn/T/models/637eace9cddf4a078cc47a07d569f573/latest.pth
2025-05-05T19:45:30,308 [INFO ] W-9009-drawn_humanoid_detector_1.0-stdout MODEL_LOG - Backend received inference at: 1746445530
2025-05-05T19:45:31,282 [INFO ] W-9004-drawn_humanoid_pose_estimator_1.0-stdout MODEL_LOG - load checkpoint from local path: /var/folders/m_/lpp0z32x0qv6tbr9q6sbyglm0000gn/T/models/56e9d42ae5cb400e800c88aba28df445/best_AP_epoch_72.pth
2025-05-05T19:45:31,282 [INFO ] W-9004-drawn_humanoid_pose_estimator_1.0-stdout MODEL_LOG - Backend received inference at: 1746445531
2025-05-05T19:51:45,475 [INFO ] W-9012-drawn_humanoid_detector_1.0-stdout MODEL_LOG - load checkpoint from local path: /var/folders/m_/lpp0z32x0qv6tbr9q6sbyglm0000gn/T/models/637eace9cddf4a078cc47a07d569f573/latest.pth
2025-05-05T19:51:45,476 [INFO ] W-9012-drawn_humanoid_detector_1.0-stdout MODEL_LOG - Backend received inference at: 1746445905
2025-05-05T19:51:46,620 [INFO ] W-9002-drawn_humanoid_pose_estimator_1.0-stdout MODEL_LOG - load checkpoint from local path: /var/folders/m_/lpp0z32x0qv6tbr9q6sbyglm0000gn/T/models/56e9d42ae5cb400e800c88aba28df445/best_AP_epoch_72.pth
2025-05-05T19:51:46,620 [INFO ] W-9002-drawn_humanoid_pose_estimator_1.0-stdout MODEL_LOG - Backend received inference at: 1746445906
2025-05-05T19:53:31,071 [INFO ] W-9011-drawn_humanoid_detector_1.0-stdout MODEL_LOG - load checkpoint from local path: /var/folders/m_/lpp0z32x0qv6tbr9q6sbyglm0000gn/T/models/637eace9cddf4a078cc47a07d569f573/latest.pth
2025-05-05T19:53:31,071 [INFO ] W-9011-drawn_humanoid_detector_1.0-stdout MODEL_LOG - Backend received inference at: 1746446011
2025-05-05T19:53:32,072 [INFO ] W-9003-drawn_humanoid_pose_estimator_1.0-stdout MODEL_LOG - load checkpoint from local path: /var/folders/m_/lpp0z32x0qv6tbr9q6sbyglm0000gn/T/models/56e9d42ae5cb400e800c88aba28df445/best_AP_epoch_72.pth
2025-05-05T19:53:32,073 [INFO ] W-9003-drawn_humanoid_pose_estimator_1.0-stdout MODEL_LOG - Backend received inference at: 1746446012
2025-05-05T19:54:33,459 [INFO ] W-9008-drawn_humanoid_detector_1.0-stdout MODEL_LOG - load checkpoint from local path: /var/folders/m_/lpp0z32x0qv6tbr9q6sbyglm0000gn/T/models/637eace9cddf4a078cc47a07d569f573/latest.pth
2025-05-05T19:54:33,459 [INFO ] W-9008-drawn_humanoid_detector_1.0-stdout MODEL_LOG - Backend received inference at: 1746446073
2025-05-05T19:54:34,518 [INFO ] W-9006-drawn_humanoid_pose_estimator_1.0-stdout MODEL_LOG - load checkpoint from local path: /var/folders/m_/lpp0z32x0qv6tbr9q6sbyglm0000gn/T/models/56e9d42ae5cb400e800c88aba28df445/best_AP_epoch_72.pth
2025-05-05T19:54:34,518 [INFO ] W-9006-drawn_humanoid_pose_estimator_1.0-stdout MODEL_LOG - Backend received inference at: 1746446074
2025-05-05T19:55:25,127 [INFO ] W-9014-drawn_humanoid_detector_1.0-stdout MODEL_LOG - load checkpoint from local path: /var/folders/m_/lpp0z32x0qv6tbr9q6sbyglm0000gn/T/models/637eace9cddf4a078cc47a07d569f573/latest.pth
2025-05-05T19:55:25,127 [INFO ] W-9014-drawn_humanoid_detector_1.0-stdout MODEL_LOG - Backend received inference at: 1746446125
2025-05-05T19:55:26,116 [INFO ] W-9007-drawn_humanoid_pose_estimator_1.0-stdout MODEL_LOG - load checkpoint from local path: /var/folders/m_/lpp0z32x0qv6tbr9q6sbyglm0000gn/T/models/56e9d42ae5cb400e800c88aba28df445/best_AP_epoch_72.pth
2025-05-05T19:55:26,116 [INFO ] W-9007-drawn_humanoid_pose_estimator_1.0-stdout MODEL_LOG - Backend received inference at: 1746446126
2025-05-05T19:57:33,318 [INFO ] W-9010-drawn_humanoid_detector_1.0-stdout MODEL_LOG - load checkpoint from local path: /var/folders/m_/lpp0z32x0qv6tbr9q6sbyglm0000gn/T/models/637eace9cddf4a078cc47a07d569f573/latest.pth
2025-05-05T19:57:33,318 [INFO ] W-9010-drawn_humanoid_detector_1.0-stdout MODEL_LOG - Backend received inference at: 1746446253
2025-05-05T19:57:34,480 [INFO ] W-9005-drawn_humanoid_pose_estimator_1.0-stdout MODEL_LOG - load checkpoint from local path: /var/folders/m_/lpp0z32x0qv6tbr9q6sbyglm0000gn/T/models/56e9d42ae5cb400e800c88aba28df445/best_AP_epoch_72.pth
2025-05-05T19:57:34,480 [INFO ] W-9005-drawn_humanoid_pose_estimator_1.0-stdout MODEL_LOG - Backend received inference at: 1746446254
2025-05-05T19:58:28,884 [INFO ] W-9015-drawn_humanoid_detector_1.0-stdout MODEL_LOG - Backend received inference at: 1746446308
2025-05-05T19:58:29,896 [INFO ] W-9001-drawn_humanoid_pose_estimator_1.0-stdout MODEL_LOG - Backend received inference at: 1746446309
2025-05-05T20:06:22,675 [INFO ] W-9013-drawn_humanoid_detector_1.0-stdout MODEL_LOG - Backend received inference at: 1746446782
2025-05-05T20:06:23,736 [INFO ] W-9000-drawn_humanoid_pose_estimator_1.0-stdout MODEL_LOG - Backend received inference at: 1746446783
2025-05-05T20:07:33,734 [INFO ] W-9009-drawn_humanoid_detector_1.0-stdout MODEL_LOG - Backend received inference at: 1746446853
2025-05-05T20:07:34,775 [INFO ] W-9004-drawn_humanoid_pose_estimator_1.0-stdout MODEL_LOG - Backend received inference at: 1746446854
2025-05-05T20:08:16,520 [INFO ] W-9012-drawn_humanoid_detector_1.0-stdout MODEL_LOG - Backend received inference at: 1746446896
2025-05-05T20:08:17,588 [INFO ] W-9002-drawn_humanoid_pose_estimator_1.0-stdout MODEL_LOG - Backend received inference at: 1746446897
2025-05-05T20:10:27,695 [INFO ] W-9011-drawn_humanoid_detector_1.0-stdout MODEL_LOG - Backend received inference at: 1746447027
2025-05-05T20:10:28,802 [INFO ] W-9003-drawn_humanoid_pose_estimator_1.0-stdout MODEL_LOG - Backend received inference at: 1746447028
2025-05-05T20:14:11,839 [INFO ] W-9008-drawn_humanoid_detector_1.0-stdout MODEL_LOG - Backend received inference at: 1746447251
2025-05-05T20:14:12,854 [INFO ] W-9006-drawn_humanoid_pose_estimator_1.0-stdout MODEL_LOG - Backend received inference at: 1746447252
